<?xml version="1.0" encoding="UTF-8"?>
<!-- Generated by org.testng.reporters.JUnitReportReporter -->
<testsuite hostname="Khurshid_Alam" failures="0" tests="1" name="Org.org" time="0.003" errors="0" timestamp="2024-11-03T09:58:29 IST" skipped="0">
  <testcase classname="Org.org" name="test02" time="0.003"/>
</testsuite> <!-- Org.org -->
