<?xml version="1.0" encoding="UTF-8"?>
<!-- Generated by org.testng.reporters.JUnitReportReporter -->
<testsuite hostname="Khurshid_Alam" failures="0" tests="1" name="Org.org" time="0.000" errors="0" timestamp="2024-11-03T09:08:58 IST" skipped="0">
  <testcase classname="Org.org" name="test02" time="0.000"/>
</testsuite> <!-- Org.org -->
